# JRE version: Java(TM) SE Runtime Environment (8.0_162-b12) (build 1.8.0_162-b12)
# Java VM: Java HotSpot(TM) 64-Bit Server VM (25.162-b12 mixed mode windows-amd64 compressed oops)
Heap:
 PSYoungGen      total 373248K, used 136231K [0x0000000780600000, 0x0000000798900000, 0x00000007c0000000)
  eden space 351744K, 38% used [0x0000000780600000,0x0000000788b09e70,0x0000000795d80000)
  from space 21504K, 0% used [0x0000000795d80000,0x0000000795d80000,0x0000000797280000)
  to   space 14848K, 0% used [0x0000000797280000,0x0000000797280000,0x0000000798100000)
 ParOldGen       total 110592K, used 46976K [0x0000000701200000, 0x0000000707e00000, 0x0000000780600000)
  object space 110592K, 42% used [0x0000000701200000,0x0000000703fe0318,0x0000000707e00000)
 Metaspace       used 59846K, capacity 63122K, committed 63320K, reserved 1103872K
  class space    used 7965K, capacity 8554K, committed 8576K, reserved 1048576K
GC Heap History (10 events):
Event: 20.719 GC heap before
{Heap before GC invocations=10 (full 2):
 PSYoungGen      total 282624K, used 11262K [0x0000000780600000, 0x0000000795800000, 0x00000007c0000000)
  eden space 271360K, 0% used [0x0000000780600000,0x0000000780600000,0x0000000790f00000)
  from space 11264K, 99% used [0x0000000791c00000,0x00000007926ff878,0x0000000792700000)
  to   space 13312K, 0% used [0x0000000790f00000,0x0000000790f00000,0x0000000791c00000)
 ParOldGen       total 70656K, used 11677K [0x0000000701200000, 0x0000000705700000, 0x0000000780600000)
  object space 70656K, 16% used [0x0000000701200000,0x0000000701d67440,0x0000000705700000)
 Metaspace       used 33506K, capacity 35364K, committed 35456K, reserved 1079296K
  class space    used 4555K, capacity 4934K, committed 4992K, reserved 1048576K
Event: 20.826 GC heap after
Heap after GC invocations=10 (full 2):
 PSYoungGen      total 282624K, used 0K [0x0000000780600000, 0x0000000795800000, 0x00000007c0000000)
  eden space 271360K, 0% used [0x0000000780600000,0x0000000780600000,0x0000000790f00000)
  from space 11264K, 0% used [0x0000000791c00000,0x0000000791c00000,0x0000000792700000)
  to   space 13312K, 0% used [0x0000000790f00000,0x0000000790f00000,0x0000000791c00000)
 ParOldGen       total 110592K, used 18942K [0x0000000701200000, 0x0000000707e00000, 0x0000000780600000)
  object space 110592K, 17% used [0x0000000701200000,0x000000070247fa88,0x0000000707e00000)
 Metaspace       used 33506K, capacity 35364K, committed 35456K, reserved 1079296K
  class space    used 4555K, capacity 4934K, committed 4992K, reserved 1048576K
}
Event: 24.820 GC heap before
{Heap before GC invocations=11 (full 2):
 PSYoungGen      total 282624K, used 271360K [0x0000000780600000, 0x0000000795800000, 0x00000007c0000000)
  eden space 271360K, 100% used [0x0000000780600000,0x0000000790f00000,0x0000000790f00000)
  from space 11264K, 0% used [0x0000000791c00000,0x0000000791c00000,0x0000000792700000)
  to   space 13312K, 0% used [0x0000000790f00000,0x0000000790f00000,0x0000000791c00000)
 ParOldGen       total 110592K, used 18942K [0x0000000701200000, 0x0000000707e00000, 0x0000000780600000)
  object space 110592K, 17% used [0x0000000701200000,0x000000070247fa88,0x0000000707e00000)
 Metaspace       used 42911K, capacity 44968K, committed 45312K, reserved 1089536K
  class space    used 5643K, capacity 6060K, committed 6144K, reserved 1048576K
Event: 24.843 GC heap after
Heap after GC invocations=11 (full 2):
 PSYoungGen      total 284672K, used 13309K [0x0000000780600000, 0x0000000798100000, 0x00000007c0000000)
  eden space 271360K, 0% used [0x0000000780600000,0x0000000780600000,0x0000000790f00000)
  from space 13312K, 99% used [0x0000000790f00000,0x0000000791bff710,0x0000000791c00000)
  to   space 14848K, 0% used [0x0000000797280000,0x0000000797280000,0x0000000798100000)
 ParOldGen       total 110592K, used 19721K [0x0000000701200000, 0x0000000707e00000, 0x0000000780600000)
  object space 110592K, 17% used [0x0000000701200000,0x00000007025427d0,0x0000000707e00000)
 Metaspace       used 42911K, capacity 44968K, committed 45312K, reserved 1089536K
  class space    used 5643K, capacity 6060K, committed 6144K, reserved 1048576K
}
Event: 30.619 GC heap before
{Heap before GC invocations=12 (full 2):
 PSYoungGen      total 284672K, used 284669K [0x0000000780600000, 0x0000000798100000, 0x00000007c0000000)
  eden space 271360K, 100% used [0x0000000780600000,0x0000000790f00000,0x0000000790f00000)
  from space 13312K, 99% used [0x0000000790f00000,0x0000000791bff710,0x0000000791c00000)
  to   space 14848K, 0% used [0x0000000797280000,0x0000000797280000,0x0000000798100000)
 ParOldGen       total 110592K, used 19721K [0x0000000701200000, 0x0000000707e00000, 0x0000000780600000)
  object space 110592K, 17% used [0x0000000701200000,0x00000007025427d0,0x0000000707e00000)
 Metaspace       used 53230K, capacity 55986K, committed 56192K, reserved 1097728K
  class space    used 7024K, capacity 7537K, committed 7552K, reserved 1048576K
Event: 30.649 GC heap after
Heap after GC invocations=12 (full 2):
 PSYoungGen      total 366592K, used 14820K [0x0000000780600000, 0x0000000798900000, 0x00000007c0000000)
  eden space 351744K, 0% used [0x0000000780600000,0x0000000780600000,0x0000000795d80000)
  from space 14848K, 99% used [0x0000000797280000,0x00000007980f9250,0x0000000798100000)
  to   space 21504K, 0% used [0x0000000795d80000,0x0000000795d80000,0x0000000797280000)
 ParOldGen       total 110592K, used 33310K [0x0000000701200000, 0x0000000707e00000, 0x0000000780600000)
  object space 110592K, 30% used [0x0000000701200000,0x0000000703287918,0x0000000707e00000)
 Metaspace       used 53230K, capacity 55986K, committed 56192K, reserved 1097728K
  class space    used 7024K, capacity 7537K, committed 7552K, reserved 1048576K
}
Event: 34.480 GC heap before
{Heap before GC invocations=13 (full 2):
 PSYoungGen      total 366592K, used 131482K [0x0000000780600000, 0x0000000798900000, 0x00000007c0000000)
  eden space 351744K, 33% used [0x0000000780600000,0x00000007877ed8c8,0x0000000795d80000)
  from space 14848K, 99% used [0x0000000797280000,0x00000007980f9250,0x0000000798100000)
  to   space 21504K, 0% used [0x0000000795d80000,0x0000000795d80000,0x0000000797280000)
 ParOldGen       total 110592K, used 33310K [0x0000000701200000, 0x0000000707e00000, 0x0000000780600000)
  object space 110592K, 30% used [0x0000000701200000,0x0000000703287918,0x0000000707e00000)
 Metaspace       used 55973K, capacity 58898K, committed 59096K, reserved 1099776K
  class space    used 7415K, capacity 7928K, committed 7936K, reserved 1048576K
Event: 34.509 GC heap after
Heap after GC invocations=13 (full 2):
 PSYoungGen      total 373248K, used 6933K [0x0000000780600000, 0x0000000798900000, 0x00000007c0000000)
  eden space 351744K, 0% used [0x0000000780600000,0x0000000780600000,0x0000000795d80000)
  from space 21504K, 32% used [0x0000000795d80000,0x0000000796445408,0x0000000797280000)
  to   space 14848K, 0% used [0x0000000797280000,0x0000000797280000,0x0000000798100000)
 ParOldGen       total 110592K, used 48248K [0x0000000701200000, 0x0000000707e00000, 0x0000000780600000)
  object space 110592K, 43% used [0x0000000701200000,0x000000070411e130,0x0000000707e00000)
 Metaspace       used 55973K, capacity 58898K, committed 59096K, reserved 1099776K
  class space    used 7415K, capacity 7928K, committed 7936K, reserved 1048576K
}
Event: 34.509 GC heap before
{Heap before GC invocations=14 (full 3):
 PSYoungGen      total 373248K, used 6933K [0x0000000780600000, 0x0000000798900000, 0x00000007c0000000)
  eden space 351744K, 0% used [0x0000000780600000,0x0000000780600000,0x0000000795d80000)
  from space 21504K, 32% used [0x0000000795d80000,0x0000000796445408,0x0000000797280000)
  to   space 14848K, 0% used [0x0000000797280000,0x0000000797280000,0x0000000798100000)
 ParOldGen       total 110592K, used 48248K [0x0000000701200000, 0x0000000707e00000, 0x0000000780600000)
  object space 110592K, 43% used [0x0000000701200000,0x000000070411e130,0x0000000707e00000)
 Metaspace       used 55973K, capacity 58898K, committed 59096K, reserved 1099776K
  class space    used 7415K, capacity 7928K, committed 7936K, reserved 1048576K
Event: 34.812 GC heap after
Heap after GC invocations=14 (full 3):
 PSYoungGen      total 373248K, used 0K [0x0000000780600000, 0x0000000798900000, 0x00000007c0000000)
  eden space 351744K, 0% used [0x0000000780600000,0x0000000780600000,0x0000000795d80000)
  from space 21504K, 0% used [0x0000000795d80000,0x0000000795d80000,0x0000000797280000)
  to   space 14848K, 0% used [0x0000000797280000,0x0000000797280000,0x0000000798100000)
 ParOldGen       total 110592K, used 46976K [0x0000000701200000, 0x0000000707e00000, 0x0000000780600000)
  object space 110592K, 42% used [0x0000000701200000,0x0000000703fe0318,0x0000000707e00000)
 Metaspace       used 55933K, capacity 58790K, committed 59096K, reserved 1099776K
  class space    used 7404K, capacity 7910K, committed 7936K, reserved 1048576K
}

