# JRE version: Java(TM) SE Runtime Environment (8.0_162-b12) (build 1.8.0_162-b12)
# Java VM: Java HotSpot(TM) 64-Bit Server VM (25.162-b12 mixed mode windows-amd64 compressed oops)
Heap:
 PSYoungGen      total 234496K, used 53831K [0x0000000780600000, 0x000000078f980000, 0x00000007c0000000)
  eden space 222208K, 18% used [0x0000000780600000,0x0000000782e9dec0,0x000000078df00000)
  from space 12288K, 99% used [0x000000078ed80000,0x000000078f974030,0x000000078f980000)
  to   space 13312K, 0% used [0x000000078df80000,0x000000078df80000,0x000000078ec80000)
 ParOldGen       total 72192K, used 19485K [0x0000000701200000, 0x0000000705880000, 0x0000000780600000)
  object space 72192K, 26% used [0x0000000701200000,0x0000000702507538,0x0000000705880000)
 Metaspace       used 47210K, capacity 49986K, committed 50176K, reserved 1093632K
  class space    used 6283K, capacity 6856K, committed 6912K, reserved 1048576K
GC Heap History (10 events):
Event: 34.796 GC heap before
{Heap before GC invocations=10 (full 1):
 PSYoungGen      total 167936K, used 167459K [0x0000000780600000, 0x000000078b700000, 0x00000007c0000000)
  eden space 160256K, 100% used [0x0000000780600000,0x000000078a280000,0x000000078a280000)
  from space 7680K, 93% used [0x000000078af80000,0x000000078b688d18,0x000000078b700000)
  to   space 9728K, 0% used [0x000000078a400000,0x000000078a400000,0x000000078ad80000)
 ParOldGen       total 72192K, used 8529K [0x0000000701200000, 0x0000000705880000, 0x0000000780600000)
  object space 72192K, 11% used [0x0000000701200000,0x0000000701a546d8,0x0000000705880000)
 Metaspace       used 33405K, capacity 34958K, committed 35072K, reserved 1079296K
  class space    used 4408K, capacity 4751K, committed 4864K, reserved 1048576K
Event: 34.814 GC heap after
Heap after GC invocations=10 (full 1):
 PSYoungGen      total 164352K, used 9717K [0x0000000780600000, 0x000000078b400000, 0x00000007c0000000)
  eden space 154624K, 0% used [0x0000000780600000,0x0000000780600000,0x0000000789d00000)
  from space 9728K, 99% used [0x000000078a400000,0x000000078ad7d798,0x000000078ad80000)
  to   space 6656K, 0% used [0x000000078ad80000,0x000000078ad80000,0x000000078b400000)
 ParOldGen       total 72192K, used 11807K [0x0000000701200000, 0x0000000705880000, 0x0000000780600000)
  object space 72192K, 16% used [0x0000000701200000,0x0000000701d87df0,0x0000000705880000)
 Metaspace       used 33405K, capacity 34958K, committed 35072K, reserved 1079296K
  class space    used 4408K, capacity 4751K, committed 4864K, reserved 1048576K
}
Event: 35.035 GC heap before
{Heap before GC invocations=11 (full 1):
 PSYoungGen      total 164352K, used 25632K [0x0000000780600000, 0x000000078b400000, 0x00000007c0000000)
  eden space 154624K, 10% used [0x0000000780600000,0x000000078158aac8,0x0000000789d00000)
  from space 9728K, 99% used [0x000000078a400000,0x000000078ad7d798,0x000000078ad80000)
  to   space 6656K, 0% used [0x000000078ad80000,0x000000078ad80000,0x000000078b400000)
 ParOldGen       total 72192K, used 11807K [0x0000000701200000, 0x0000000705880000, 0x0000000780600000)
  object space 72192K, 16% used [0x0000000701200000,0x0000000701d87df0,0x0000000705880000)
 Metaspace       used 33891K, capacity 35436K, committed 35496K, reserved 1079296K
  class space    used 4487K, capacity 4826K, committed 4864K, reserved 1048576K
Event: 35.046 GC heap after
Heap after GC invocations=11 (full 1):
 PSYoungGen      total 165888K, used 4450K [0x0000000780600000, 0x0000000790080000, 0x00000007c0000000)
  eden space 159232K, 0% used [0x0000000780600000,0x0000000780600000,0x000000078a180000)
  from space 6656K, 66% used [0x000000078ad80000,0x000000078b1d89f0,0x000000078b400000)
  to   space 12288K, 0% used [0x000000078a180000,0x000000078a180000,0x000000078ad80000)
 ParOldGen       total 72192K, used 14400K [0x0000000701200000, 0x0000000705880000, 0x0000000780600000)
  object space 72192K, 19% used [0x0000000701200000,0x00000007020101c0,0x0000000705880000)
 Metaspace       used 33891K, capacity 35436K, committed 35496K, reserved 1079296K
  class space    used 4487K, capacity 4826K, committed 4864K, reserved 1048576K
}
Event: 35.046 GC heap before
{Heap before GC invocations=12 (full 2):
 PSYoungGen      total 165888K, used 4450K [0x0000000780600000, 0x0000000790080000, 0x00000007c0000000)
  eden space 159232K, 0% used [0x0000000780600000,0x0000000780600000,0x000000078a180000)
  from space 6656K, 66% used [0x000000078ad80000,0x000000078b1d89f0,0x000000078b400000)
  to   space 12288K, 0% used [0x000000078a180000,0x000000078a180000,0x000000078ad80000)
 ParOldGen       total 72192K, used 14400K [0x0000000701200000, 0x0000000705880000, 0x0000000780600000)
  object space 72192K, 19% used [0x0000000701200000,0x00000007020101c0,0x0000000705880000)
 Metaspace       used 33891K, capacity 35436K, committed 35496K, reserved 1079296K
  class space    used 4487K, capacity 4826K, committed 4864K, reserved 1048576K
Event: 35.180 GC heap after
Heap after GC invocations=12 (full 2):
 PSYoungGen      total 165888K, used 0K [0x0000000780600000, 0x0000000790080000, 0x00000007c0000000)
  eden space 159232K, 0% used [0x0000000780600000,0x0000000780600000,0x000000078a180000)
  from space 6656K, 0% used [0x000000078ad80000,0x000000078ad80000,0x000000078b400000)
  to   space 12288K, 0% used [0x000000078a180000,0x000000078a180000,0x000000078ad80000)
 ParOldGen       total 72192K, used 14075K [0x0000000701200000, 0x0000000705880000, 0x0000000780600000)
  object space 72192K, 19% used [0x0000000701200000,0x0000000701fbef78,0x0000000705880000)
 Metaspace       used 33891K, capacity 35436K, committed 35496K, reserved 1079296K
  class space    used 4487K, capacity 4826K, committed 4864K, reserved 1048576K
}
Event: 38.317 GC heap before
{Heap before GC invocations=13 (full 2):
 PSYoungGen      total 165888K, used 159232K [0x0000000780600000, 0x0000000790080000, 0x00000007c0000000)
  eden space 159232K, 100% used [0x0000000780600000,0x000000078a180000,0x000000078a180000)
  from space 6656K, 0% used [0x000000078ad80000,0x000000078ad80000,0x000000078b400000)
  to   space 12288K, 0% used [0x000000078a180000,0x000000078a180000,0x000000078ad80000)
 ParOldGen       total 72192K, used 14075K [0x0000000701200000, 0x0000000705880000, 0x0000000780600000)
  object space 72192K, 19% used [0x0000000701200000,0x0000000701fbef78,0x0000000705880000)
 Metaspace       used 37738K, capacity 39876K, committed 40064K, reserved 1083392K
  class space    used 4962K, capacity 5380K, committed 5504K, reserved 1048576K
Event: 38.329 GC heap after
Heap after GC invocations=13 (full 2):
 PSYoungGen      total 171520K, used 8705K [0x0000000780600000, 0x000000078f980000, 0x00000007c0000000)
  eden space 159232K, 0% used [0x0000000780600000,0x0000000780600000,0x000000078a180000)
  from space 12288K, 70% used [0x000000078a180000,0x000000078aa00410,0x000000078ad80000)
  to   space 12288K, 0% used [0x000000078ed80000,0x000000078ed80000,0x000000078f980000)
 ParOldGen       total 72192K, used 14083K [0x0000000701200000, 0x0000000705880000, 0x0000000780600000)
  object space 72192K, 19% used [0x0000000701200000,0x0000000701fc0f78,0x0000000705880000)
 Metaspace       used 37738K, capacity 39876K, committed 40064K, reserved 1083392K
  class space    used 4962K, capacity 5380K, committed 5504K, reserved 1048576K
}
Event: 42.393 GC heap before
{Heap before GC invocations=14 (full 2):
 PSYoungGen      total 171520K, used 167937K [0x0000000780600000, 0x000000078f980000, 0x00000007c0000000)
  eden space 159232K, 100% used [0x0000000780600000,0x000000078a180000,0x000000078a180000)
  from space 12288K, 70% used [0x000000078a180000,0x000000078aa00410,0x000000078ad80000)
  to   space 12288K, 0% used [0x000000078ed80000,0x000000078ed80000,0x000000078f980000)
 ParOldGen       total 72192K, used 14083K [0x0000000701200000, 0x0000000705880000, 0x0000000780600000)
  object space 72192K, 19% used [0x0000000701200000,0x0000000701fc0f78,0x0000000705880000)
 Metaspace       used 45084K, capacity 47762K, committed 48128K, reserved 1091584K
  class space    used 6001K, capacity 6556K, committed 6656K, reserved 1048576K
Event: 42.421 GC heap after
Heap after GC invocations=14 (full 2):
 PSYoungGen      total 234496K, used 12240K [0x0000000780600000, 0x000000078f980000, 0x00000007c0000000)
  eden space 222208K, 0% used [0x0000000780600000,0x0000000780600000,0x000000078df00000)
  from space 12288K, 99% used [0x000000078ed80000,0x000000078f974030,0x000000078f980000)
  to   space 13312K, 0% used [0x000000078df80000,0x000000078df80000,0x000000078ec80000)
 ParOldGen       total 72192K, used 19485K [0x0000000701200000, 0x0000000705880000, 0x0000000780600000)
  object space 72192K, 26% used [0x0000000701200000,0x0000000702507538,0x0000000705880000)
 Metaspace       used 45084K, capacity 47762K, committed 48128K, reserved 1091584K
  class space    used 6001K, capacity 6556K, committed 6656K, reserved 1048576K
}

